# JRE version: Java(TM) SE Runtime Environment (21.0.2+13) (build 21.0.2+13-LTS-58)
# Java VM: Java HotSpot(TM) 64-Bit Server VM (21.0.2+13-LTS-58, mixed mode, emulated-client, sharing, tiered, compressed oops, compressed class ptrs, g1 gc, windows-amd64)
GC Precious Log:
 CardTable entry size: 512
 Card Set container configuration: InlinePtr #cards 5 size 8 Array Of Cards #cards 12 size 40 Howl #buckets 4 coarsen threshold 1843 Howl Bitmap #cards 512 size 80 coarsen threshold 460 Card regions per heap region 1 cards per card region 2048
 CPUs: 4 total, 4 available
 Memory: 6020M
 Large Page Support: Disabled
 NUMA Support: Disabled
 Compressed Oops: Enabled (32-bit)
 Heap Region Size: 1M
 Heap Min Capacity: 8M
 Heap Initial Capacity: 96M
 Heap Max Capacity: 1506M
 Pre-touch: Disabled
 Parallel Workers: 4
 Concurrent Workers: 1
 Concurrent Refinement Workers: 4
 Periodic GC: Disabled
Heap:
 garbage-first heap   total 45056K, used 34633K [0x00000000a1e00000, 0x0000000100000000)
  region size 1024K, 24 young (24576K), 0 survivors (0K)
 Metaspace       used 33197K, committed 34176K, reserved 1114112K
  class space    used 4370K, committed 4736K, reserved 1048576K
GC Heap History (20 events):
Event: 3.930 GC heap before
{Heap before GC invocations=7 (full 0):
 garbage-first heap   total 51200K, used 37862K [0x00000000a1e00000, 0x0000000100000000)
  region size 1024K, 30 young (30720K), 4 survivors (4096K)
 Metaspace       used 25118K, committed 25664K, reserved 1114112K
  class space    used 3278K, committed 3520K, reserved 1048576K
}
Event: 3.937 GC heap after
{Heap after GC invocations=8 (full 0):
 garbage-first heap   total 61440K, used 12656K [0x00000000a1e00000, 0x0000000100000000)
  region size 1024K, 3 young (3072K), 3 survivors (3072K)
 Metaspace       used 25118K, committed 25664K, reserved 1114112K
  class space    used 3278K, committed 3520K, reserved 1048576K
}
Event: 4.526 GC heap before
{Heap before GC invocations=8 (full 0):
 garbage-first heap   total 61440K, used 46448K [0x00000000a1e00000, 0x0000000100000000)
  region size 1024K, 36 young (36864K), 3 survivors (3072K)
 Metaspace       used 28271K, committed 28864K, reserved 1114112K
  class space    used 3708K, committed 3968K, reserved 1048576K
}
Event: 4.532 GC heap after
{Heap after GC invocations=9 (full 0):
 garbage-first heap   total 61440K, used 14024K [0x00000000a1e00000, 0x0000000100000000)
  region size 1024K, 5 young (5120K), 5 survivors (5120K)
 Metaspace       used 28271K, committed 28864K, reserved 1114112K
  class space    used 3708K, committed 3968K, reserved 1048576K
}
Event: 4.978 GC heap before
{Heap before GC invocations=9 (full 0):
 garbage-first heap   total 61440K, used 45768K [0x00000000a1e00000, 0x0000000100000000)
  region size 1024K, 36 young (36864K), 5 survivors (5120K)
 Metaspace       used 30805K, committed 31424K, reserved 1114112K
  class space    used 4067K, committed 4352K, reserved 1048576K
}
Event: 4.986 GC heap after
{Heap after GC invocations=10 (full 0):
 garbage-first heap   total 61440K, used 15864K [0x00000000a1e00000, 0x0000000100000000)
  region size 1024K, 4 young (4096K), 4 survivors (4096K)
 Metaspace       used 30805K, committed 31424K, reserved 1114112K
  class space    used 4067K, committed 4352K, reserved 1048576K
}
Event: 205.339 GC heap before
{Heap before GC invocations=10 (full 0):
 garbage-first heap   total 61440K, used 42488K [0x00000000a1e00000, 0x0000000100000000)
  region size 1024K, 32 young (32768K), 4 survivors (4096K)
 Metaspace       used 33436K, committed 34112K, reserved 1114112K
  class space    used 4433K, committed 4736K, reserved 1048576K
}
Event: 205.380 GC heap after
{Heap after GC invocations=11 (full 1):
 garbage-first heap   total 51200K, used 14523K [0x00000000a1e00000, 0x0000000100000000)
  region size 1024K, 0 young (0K), 0 survivors (0K)
 Metaspace       used 33436K, committed 34112K, reserved 1114112K
  class space    used 4433K, committed 4736K, reserved 1048576K
}
Event: 207.109 GC heap before
{Heap before GC invocations=11 (full 1):
 garbage-first heap   total 51200K, used 44219K [0x00000000a1e00000, 0x0000000100000000)
  region size 1024K, 29 young (29696K), 0 survivors (0K)
 Metaspace       used 33468K, committed 34176K, reserved 1114112K
  class space    used 4441K, committed 4736K, reserved 1048576K
}
Event: 207.117 GC heap after
{Heap after GC invocations=12 (full 1):
 garbage-first heap   total 51200K, used 17088K [0x00000000a1e00000, 0x0000000100000000)
  region size 1024K, 3 young (3072K), 3 survivors (3072K)
 Metaspace       used 33468K, committed 34176K, reserved 1114112K
  class space    used 4441K, committed 4736K, reserved 1048576K
}
Event: 2113.096 GC heap before
{Heap before GC invocations=12 (full 1):
 garbage-first heap   total 51200K, used 43712K [0x00000000a1e00000, 0x0000000100000000)
  region size 1024K, 29 young (29696K), 3 survivors (3072K)
 Metaspace       used 33468K, committed 34176K, reserved 1114112K
  class space    used 4441K, committed 4736K, reserved 1048576K
}
Event: 2113.103 GC heap after
{Heap after GC invocations=13 (full 1):
 garbage-first heap   total 51200K, used 17206K [0x00000000a1e00000, 0x0000000100000000)
  region size 1024K, 1 young (1024K), 1 survivors (1024K)
 Metaspace       used 33468K, committed 34176K, reserved 1114112K
  class space    used 4441K, committed 4736K, reserved 1048576K
}
Event: 4053.940 GC heap before
{Heap before GC invocations=13 (full 1):
 garbage-first heap   total 51200K, used 43830K [0x00000000a1e00000, 0x0000000100000000)
  region size 1024K, 27 young (27648K), 1 survivors (1024K)
 Metaspace       used 33468K, committed 34176K, reserved 1114112K
  class space    used 4441K, committed 4736K, reserved 1048576K
}
Event: 4053.941 GC heap after
{Heap after GC invocations=14 (full 1):
 garbage-first heap   total 51200K, used 16836K [0x00000000a1e00000, 0x0000000100000000)
  region size 1024K, 1 young (1024K), 1 survivors (1024K)
 Metaspace       used 33468K, committed 34176K, reserved 1114112K
  class space    used 4441K, committed 4736K, reserved 1048576K
}
Event: 6065.552 GC heap before
{Heap before GC invocations=14 (full 1):
 garbage-first heap   total 51200K, used 44484K [0x00000000a1e00000, 0x0000000100000000)
  region size 1024K, 28 young (28672K), 1 survivors (1024K)
 Metaspace       used 33468K, committed 34176K, reserved 1114112K
  class space    used 4441K, committed 4736K, reserved 1048576K
}
Event: 6065.555 GC heap after
{Heap after GC invocations=15 (full 1):
 garbage-first heap   total 51200K, used 16757K [0x00000000a1e00000, 0x0000000100000000)
  region size 1024K, 1 young (1024K), 1 survivors (1024K)
 Metaspace       used 33468K, committed 34176K, reserved 1114112K
  class space    used 4441K, committed 4736K, reserved 1048576K
}
Event: 8430.790 GC heap before
{Heap before GC invocations=15 (full 1):
 garbage-first heap   total 51200K, used 44405K [0x00000000a1e00000, 0x0000000100000000)
  region size 1024K, 28 young (28672K), 1 survivors (1024K)
 Metaspace       used 33472K, committed 34176K, reserved 1114112K
  class space    used 4441K, committed 4736K, reserved 1048576K
}
Event: 8430.800 GC heap after
{Heap after GC invocations=16 (full 1):
 garbage-first heap   total 51200K, used 16911K [0x00000000a1e00000, 0x0000000100000000)
  region size 1024K, 1 young (1024K), 1 survivors (1024K)
 Metaspace       used 33472K, committed 34176K, reserved 1114112K
  class space    used 4441K, committed 4736K, reserved 1048576K
}
Event: 8875.726 GC heap before
{Heap before GC invocations=16 (full 1):
 garbage-first heap   total 51200K, used 24079K [0x00000000a1e00000, 0x0000000100000000)
  region size 1024K, 9 young (9216K), 1 survivors (1024K)
 Metaspace       used 33479K, committed 34176K, reserved 1114112K
  class space    used 4443K, committed 4736K, reserved 1048576K
}
Event: 8875.783 GC heap after
{Heap after GC invocations=17 (full 2):
 garbage-first heap   total 45056K, used 12105K [0x00000000a1e00000, 0x0000000100000000)
  region size 1024K, 0 young (0K), 0 survivors (0K)
 Metaspace       used 33111K, committed 34176K, reserved 1114112K
  class space    used 4348K, committed 4736K, reserved 1048576K
}

